<?xml version="1.0" encoding="UTF-8"?>
<testsuite name="softwareengineering1a.ModuleTest" tests="10" skipped="0" failures="0" errors="0" timestamp="2021-11-03T17:45:27" hostname="Cians-MBP.station" time="0.006">
  <properties/>
  <testcase name="testGetCoursesAssociated" classname="softwareengineering1a.ModuleTest" time="0.0"/>
  <testcase name="testGetId" classname="softwareengineering1a.ModuleTest" time="0.0"/>
  <testcase name="testSetId" classname="softwareengineering1a.ModuleTest" time="0.001"/>
  <testcase name="testAddStudent" classname="softwareengineering1a.ModuleTest" time="0.0"/>
  <testcase name="testGetName" classname="softwareengineering1a.ModuleTest" time="0.001"/>
  <testcase name="testAddCourse" classname="softwareengineering1a.ModuleTest" time="0.0"/>
  <testcase name="testSetListOfStudents" classname="softwareengineering1a.ModuleTest" time="0.001"/>
  <testcase name="testGetListOfStudents" classname="softwareengineering1a.ModuleTest" time="0.001"/>
  <testcase name="testSetName" classname="softwareengineering1a.ModuleTest" time="0.0"/>
  <testcase name="testSetCoursesAssociated" classname="softwareengineering1a.ModuleTest" time="0.001"/>
  <system-out><![CDATA[getCoursesAssociated
getId
setId
addStudent
getName
addCourse
setListOfStudents
getListOfStudents
setName
setCoursesAssociated
]]></system-out>
  <system-err><![CDATA[]]></system-err>
</testsuite>
